{"numTotalTestSuites":13,"numPassedTestSuites":10,"numFailedTestSuites":3,"numPendingTestSuites":0,"numTotalTests":37,"numPassedTests":29,"numFailedTests":8,"numPendingTests":0,"numTodoTests":0,"snapshot":{"added":0,"failure":false,"filesAdded":0,"filesRemoved":0,"filesRemovedList":[],"filesUnmatched":0,"filesUpdated":0,"matched":0,"total":0,"unchecked":0,"uncheckedKeysByFile":[],"unmatched":0,"updated":0,"didUpdate":false},"startTime":1788471711849,"success":false,"testResults":[{"assertionResults":[{"ancestorTitles":["CommissionCalculator","Cálculo básico de comisiones"],"fullName":"CommissionCalculator Cálculo básico de comisiones debe calcular comisión usando la tasa por defecto de la fábrica","status":"passed","title":"debe calcular comisión usando la tasa por defecto de la fábrica","duration":2.2246999999999844,"failureMessages":[],"meta":{},"tags":[],"benchmarks":[]},{"ancestorTitles":["CommissionCalculator","Cálculo básico de comisiones"],"fullName":"CommissionCalculator Cálculo básico de comisiones debe usar tasa de segmento cuando existe","status":"passed","title":"debe usar tasa de segmento cuando existe","duration":0.3121999999999616,"failureMessages":[],"meta":{},"tags":[],"benchmarks":[]},{"ancestorTitles":["CommissionCalculator","Cálculo básico de comisiones"],"fullName":"CommissionCalculator Cálculo básico de comisiones debe usar tasa de segmento diferente cuando la hay","status":"passed","title":"debe usar tasa de segmento diferente cuando la hay","duration":0.20820000000003347,"failureMessages":[],"meta":{},"tags":[],"benchmarks":[]},{"ancestorTitles":["CommissionCalculator","Cálculo básico de comisiones"],"fullName":"CommissionCalculator Cálculo básico de comisiones debe retornar 0 cuando la tasa de comisión es <= 0","status":"passed","title":"debe retornar 0 cuando la tasa de comisión es <= 0","duration":0.36599999999998545,"failureMessages":[],"meta":{},"tags":[],"benchmarks":[]},{"ancestorTitles":["CommissionCalculator","Deducción de IVA para facturas"],"fullName":"CommissionCalculator Deducción de IVA para facturas debe deducir IVA (21%) cuando deductIVA es true para Factura","status":"passed","title":"debe deducir IVA (21%) cuando deductIVA es true para Factura","duration":0.23949999999990723,"failureMessages":[],"meta":{},"tags":[],"benchmarks":[]},{"ancestorTitles":["CommissionCalculator","Deducción de IVA para facturas"],"fullName":"CommissionCalculator Deducción de IVA para facturas no debe deducir IVA cuando deductIVA es false","status":"passed","title":"no debe deducir IVA cuando deductIVA es false","duration":0.199799999999982,"failureMessages":[],"meta":{},"tags":[],"benchmarks":[]},{"ancestorTitles":["CommissionCalculator","Deducción de IVA para facturas"],"fullName":"CommissionCalculator Deducción de IVA para facturas no debe deducir IVA para documentos que no sean Factura","status":"passed","title":"no debe deducir IVA para documentos que no sean Factura","duration":0.15359999999998308,"failureMessages":[],"meta":{},"tags":[],"benchmarks":[]},{"ancestorTitles":["CommissionCalculator","Deducción de IVA para facturas"],"fullName":"CommissionCalculator Deducción de IVA para facturas debe ser case-insensitive al detectar Factura","status":"passed","title":"debe ser case-insensitive al detectar Factura","duration":0.20659999999998035,"failureMessages":[],"meta":{},"tags":[],"benchmarks":[]},{"ancestorTitles":["CommissionCalculator","Resumen de comisiones desde facturas"],"fullName":"CommissionCalculator Resumen de comisiones desde facturas debe agrupar facturas por fábrica","status":"failed","title":"debe agrupar facturas por fábrica","duration":7.331400000000031,"failureMessages":["AssertionError: expected 'Fábrica Estándar' to be 'FFábrica Estándar' // Object.is equality\n    at C:/Users/git/Rust/mdc-desktop/src/__tests__/domain/logic/commissionCalculator.test.ts:162:40\n    at file:///C:/Users/git/Rust/mdc-desktop/node_modules/vitest/dist/chunks/run.CQOUYP-x.js:1628:35\n    at file:///C:/Users/git/Rust/mdc-desktop/node_modules/vitest/dist/chunks/run.CQOUYP-x.js:2783:26\n    at file:///C:/Users/git/Rust/mdc-desktop/node_modules/vitest/dist/chunks/run.CQOUYP-x.js:3319:20\n    at new Promise (<anonymous>)\n    at runWithCancel (file:///C:/Users/git/Rust/mdc-desktop/node_modules/vitest/dist/chunks/run.CQOUYP-x.js:3314:10)\n    at file:///C:/Users/git/Rust/mdc-desktop/node_modules/vitest/dist/chunks/run.CQOUYP-x.js:3299:20\n    at new Promise (<anonymous>)\n    at runWithTimeout (file:///C:/Users/git/Rust/mdc-desktop/node_modules/vitest/dist/chunks/run.CQOUYP-x.js:3257:10)\n    at file:///C:/Users/git/Rust/mdc-desktop/node_modules/vitest/dist/chunks/run.CQOUYP-x.js:3876:64"],"meta":{},"tags":[],"benchmarks":[]},{"ancestorTitles":["CommissionCalculator","Resumen de comisiones desde facturas"],"fullName":"CommissionCalculator Resumen de comisiones desde facturas debe calcular total recolectado de facturas pagadas","status":"failed","title":"debe calcular total recolectado de facturas pagadas","duration":3.491999999999962,"failureMessages":["AssertionError: expected +0 to be 15000 // Object.is equality\n    at C:/Users/git/Rust/mdc-desktop/src/__tests__/domain/logic/commissionCalculator.test.ts:189:38\n    at file:///C:/Users/git/Rust/mdc-desktop/node_modules/vitest/dist/chunks/run.CQOUYP-x.js:1628:35\n    at file:///C:/Users/git/Rust/mdc-desktop/node_modules/vitest/dist/chunks/run.CQOUYP-x.js:2783:26\n    at file:///C:/Users/git/Rust/mdc-desktop/node_modules/vitest/dist/chunks/run.CQOUYP-x.js:3319:20\n    at new Promise (<anonymous>)\n    at runWithCancel (file:///C:/Users/git/Rust/mdc-desktop/node_modules/vitest/dist/chunks/run.CQOUYP-x.js:3314:10)\n    at file:///C:/Users/git/Rust/mdc-desktop/node_modules/vitest/dist/chunks/run.CQOUYP-x.js:3299:20\n    at new Promise (<anonymous>)\n    at runWithTimeout (file:///C:/Users/git/Rust/mdc-desktop/node_modules/vitest/dist/chunks/run.CQOUYP-x.js:3257:10)\n    at file:///C:/Users/git/Rust/mdc-desktop/node_modules/vitest/dist/chunks/run.CQOUYP-x.js:3876:64"],"meta":{},"tags":[],"benchmarks":[]},{"ancestorTitles":["CommissionCalculator","Resumen de comisiones desde facturas"],"fullName":"CommissionCalculator Resumen de comisiones desde facturas debe usar payed cuando es > 0, sino total","status":"failed","title":"debe usar payed cuando es > 0, sino total","duration":0.9601000000000113,"failureMessages":["AssertionError: expected +0 to be 8000 // Object.is equality\n    at C:/Users/git/Rust/mdc-desktop/src/__tests__/domain/logic/commissionCalculator.test.ts:214:38\n    at file:///C:/Users/git/Rust/mdc-desktop/node_modules/vitest/dist/chunks/run.CQOUYP-x.js:1628:35\n    at file:///C:/Users/git/Rust/mdc-desktop/node_modules/vitest/dist/chunks/run.CQOUYP-x.js:2783:26\n    at file:///C:/Users/git/Rust/mdc-desktop/node_modules/vitest/dist/chunks/run.CQOUYP-x.js:3319:20\n    at new Promise (<anonymous>)\n    at runWithCancel (file:///C:/Users/git/Rust/mdc-desktop/node_modules/vitest/dist/chunks/run.CQOUYP-x.js:3314:10)\n    at file:///C:/Users/git/Rust/mdc-desktop/node_modules/vitest/dist/chunks/run.CQOUYP-x.js:3299:20\n    at new Promise (<anonymous>)\n    at runWithTimeout (file:///C:/Users/git/Rust/mdc-desktop/node_modules/vitest/dist/chunks/run.CQOUYP-x.js:3257:10)\n    at file:///C:/Users/git/Rust/mdc-desktop/node_modules/vitest/dist/chunks/run.CQOUYP-x.js:3876:64"],"meta":{},"tags":[],"benchmarks":[]},{"ancestorTitles":["CommissionCalculator","Resumen de comisiones desde facturas"],"fullName":"CommissionCalculator Resumen de comisiones desde facturas debe calcular comisiones totales correctamente","status":"failed","title":"debe calcular comisiones totales correctamente","duration":0.546100000000024,"failureMessages":["AssertionError: expected +0 to be close to 55, received difference is 55, but expected 0.005\n    at C:/Users/git/Rust/mdc-desktop/src/__tests__/domain/logic/commissionCalculator.test.ts:239:45\n    at file:///C:/Users/git/Rust/mdc-desktop/node_modules/vitest/dist/chunks/run.CQOUYP-x.js:1628:35\n    at file:///C:/Users/git/Rust/mdc-desktop/node_modules/vitest/dist/chunks/run.CQOUYP-x.js:2783:26\n    at file:///C:/Users/git/Rust/mdc-desktop/node_modules/vitest/dist/chunks/run.CQOUYP-x.js:3319:20\n    at new Promise (<anonymous>)\n    at runWithCancel (file:///C:/Users/git/Rust/mdc-desktop/node_modules/vitest/dist/chunks/run.CQOUYP-x.js:3314:10)\n    at file:///C:/Users/git/Rust/mdc-desktop/node_modules/vitest/dist/chunks/run.CQOUYP-x.js:3299:20\n    at new Promise (<anonymous>)\n    at runWithTimeout (file:///C:/Users/git/Rust/mdc-desktop/node_modules/vitest/dist/chunks/run.CQOUYP-x.js:3257:10)\n    at file:///C:/Users/git/Rust/mdc-desktop/node_modules/vitest/dist/chunks/run.CQOUYP-x.js:3876:64"],"meta":{},"tags":[],"benchmarks":[]},{"ancestorTitles":["CommissionCalculator","Resumen de comisiones desde facturas"],"fullName":"CommissionCalculator Resumen de comisiones desde facturas debe desglosar comisiones por segmento","status":"failed","title":"debe desglosar comisiones por segmento","duration":0.4742999999999711,"failureMessages":["AssertionError: expected undefined to be defined\n    at C:/Users/git/Rust/mdc-desktop/src/__tests__/domain/logic/commissionCalculator.test.ts:271:50\n    at file:///C:/Users/git/Rust/mdc-desktop/node_modules/vitest/dist/chunks/run.CQOUYP-x.js:1628:35\n    at file:///C:/Users/git/Rust/mdc-desktop/node_modules/vitest/dist/chunks/run.CQOUYP-x.js:2783:26\n    at file:///C:/Users/git/Rust/mdc-desktop/node_modules/vitest/dist/chunks/run.CQOUYP-x.js:3319:20\n    at new Promise (<anonymous>)\n    at runWithCancel (file:///C:/Users/git/Rust/mdc-desktop/node_modules/vitest/dist/chunks/run.CQOUYP-x.js:3314:10)\n    at file:///C:/Users/git/Rust/mdc-desktop/node_modules/vitest/dist/chunks/run.CQOUYP-x.js:3299:20\n    at new Promise (<anonymous>)\n    at runWithTimeout (file:///C:/Users/git/Rust/mdc-desktop/node_modules/vitest/dist/chunks/run.CQOUYP-x.js:3257:10)\n    at file:///C:/Users/git/Rust/mdc-desktop/node_modules/vitest/dist/chunks/run.CQOUYP-x.js:3876:64"],"meta":{},"tags":[],"benchmarks":[]},{"ancestorTitles":["CommissionCalculator","Resumen de comisiones desde facturas"],"fullName":"CommissionCalculator Resumen de comisiones desde facturas debe ignorar facturas de fábricas no encontradas","status":"failed","title":"debe ignorar facturas de fábricas no encontradas","duration":0.6227999999999838,"failureMessages":["AssertionError: expected +0 to be 1000 // Object.is equality\n    at C:/Users/git/Rust/mdc-desktop/src/__tests__/domain/logic/commissionCalculator.test.ts:301:43\n    at file:///C:/Users/git/Rust/mdc-desktop/node_modules/vitest/dist/chunks/run.CQOUYP-x.js:1628:35\n    at file:///C:/Users/git/Rust/mdc-desktop/node_modules/vitest/dist/chunks/run.CQOUYP-x.js:2783:26\n    at file:///C:/Users/git/Rust/mdc-desktop/node_modules/vitest/dist/chunks/run.CQOUYP-x.js:3319:20\n    at new Promise (<anonymous>)\n    at runWithCancel (file:///C:/Users/git/Rust/mdc-desktop/node_modules/vitest/dist/chunks/run.CQOUYP-x.js:3314:10)\n    at file:///C:/Users/git/Rust/mdc-desktop/node_modules/vitest/dist/chunks/run.CQOUYP-x.js:3299:20\n    at new Promise (<anonymous>)\n    at runWithTimeout (file:///C:/Users/git/Rust/mdc-desktop/node_modules/vitest/dist/chunks/run.CQOUYP-x.js:3257:10)\n    at file:///C:/Users/git/Rust/mdc-desktop/node_modules/vitest/dist/chunks/run.CQOUYP-x.js:3876:64"],"meta":{},"tags":[],"benchmarks":[]},{"ancestorTitles":["CommissionCalculator","Resumen de comisiones desde facturas"],"fullName":"CommissionCalculator Resumen de comisiones desde facturas debe usar el defaultCommission cuando branch no existe en segmentCommissions","status":"failed","title":"debe usar el defaultCommission cuando branch no existe en segmentCommissions","duration":0.5579999999999927,"failureMessages":["TypeError: Cannot read properties of undefined (reading 'commission')\n    at C:/Users/git/Rust/mdc-desktop/src/__tests__/domain/logic/commissionCalculator.test.ts:327:57\n    at file:///C:/Users/git/Rust/mdc-desktop/node_modules/vitest/dist/chunks/run.CQOUYP-x.js:1628:35\n    at file:///C:/Users/git/Rust/mdc-desktop/node_modules/vitest/dist/chunks/run.CQOUYP-x.js:2783:26\n    at file:///C:/Users/git/Rust/mdc-desktop/node_modules/vitest/dist/chunks/run.CQOUYP-x.js:3319:20\n    at new Promise (<anonymous>)\n    at runWithCancel (file:///C:/Users/git/Rust/mdc-desktop/node_modules/vitest/dist/chunks/run.CQOUYP-x.js:3314:10)\n    at file:///C:/Users/git/Rust/mdc-desktop/node_modules/vitest/dist/chunks/run.CQOUYP-x.js:3299:20\n    at new Promise (<anonymous>)\n    at runWithTimeout (file:///C:/Users/git/Rust/mdc-desktop/node_modules/vitest/dist/chunks/run.CQOUYP-x.js:3257:10)\n    at file:///C:/Users/git/Rust/mdc-desktop/node_modules/vitest/dist/chunks/run.CQOUYP-x.js:3876:64"],"meta":{},"tags":[],"benchmarks":[]},{"ancestorTitles":["CommissionCalculator","Resumen de comisiones desde facturas"],"fullName":"CommissionCalculator Resumen de comisiones desde facturas debe manejar múltiples fábricas correctamente","status":"failed","title":"debe manejar múltiples fábricas correctamente","duration":0.5159999999999627,"failureMessages":["AssertionError: expected +0 to be close to 55, received difference is 55, but expected 0.005\n    at C:/Users/git/Rust/mdc-desktop/src/__tests__/domain/logic/commissionCalculator.test.ts:363:50\n    at file:///C:/Users/git/Rust/mdc-desktop/node_modules/vitest/dist/chunks/run.CQOUYP-x.js:1628:35\n    at file:///C:/Users/git/Rust/mdc-desktop/node_modules/vitest/dist/chunks/run.CQOUYP-x.js:2783:26\n    at file:///C:/Users/git/Rust/mdc-desktop/node_modules/vitest/dist/chunks/run.CQOUYP-x.js:3319:20\n    at new Promise (<anonymous>)\n    at runWithCancel (file:///C:/Users/git/Rust/mdc-desktop/node_modules/vitest/dist/chunks/run.CQOUYP-x.js:3314:10)\n    at file:///C:/Users/git/Rust/mdc-desktop/node_modules/vitest/dist/chunks/run.CQOUYP-x.js:3299:20\n    at new Promise (<anonymous>)\n    at runWithTimeout (file:///C:/Users/git/Rust/mdc-desktop/node_modules/vitest/dist/chunks/run.CQOUYP-x.js:3257:10)\n    at file:///C:/Users/git/Rust/mdc-desktop/node_modules/vitest/dist/chunks/run.CQOUYP-x.js:3876:64"],"meta":{},"tags":[],"benchmarks":[]},{"ancestorTitles":["CommissionCalculator","Casos complejos del mundo real"],"fullName":"CommissionCalculator Casos complejos del mundo real escenario: factura con IVA y segmento premium","status":"passed","title":"escenario: factura con IVA y segmento premium","duration":0.1693000000000211,"failureMessages":[],"meta":{},"tags":[],"benchmarks":[]},{"ancestorTitles":["CommissionCalculator","Casos complejos del mundo real"],"fullName":"CommissionCalculator Casos complejos del mundo real escenario: resumen de facturas mezcladas","status":"passed","title":"escenario: resumen de facturas mezcladas","duration":0.38990000000001146,"failureMessages":[],"meta":{},"tags":[],"benchmarks":[]}],"startTime":1788471712971,"endTime":1788471712990.39,"status":"failed","message":"","name":"C:/Users/git/Rust/mdc-desktop/src/__tests__/domain/logic/commissionCalculator.test.ts"},{"assertionResults":[{"ancestorTitles":["recalculateBilling","Cálculo de saldo"],"fullName":"recalculateBilling Cálculo de saldo debe calcular el saldo como montoACobrar - totalPagado","status":"passed","title":"debe calcular el saldo como montoACobrar - totalPagado","duration":2.9972999999999956,"failureMessages":[],"meta":{},"tags":[],"benchmarks":[]},{"ancestorTitles":["recalculateBilling","Cálculo de saldo"],"fullName":"recalculateBilling Cálculo de saldo debe tener saldo 0 cuando está completamente pagado","status":"passed","title":"debe tener saldo 0 cuando está completamente pagado","duration":0.286899999999946,"failureMessages":[],"meta":{},"tags":[],"benchmarks":[]},{"ancestorTitles":["recalculateBilling","Cálculo de saldo"],"fullName":"recalculateBilling Cálculo de saldo debe permitir saldo negativo (pago en exceso)","status":"passed","title":"debe permitir saldo negativo (pago en exceso)","duration":0.14850000000001273,"failureMessages":[],"meta":{},"tags":[],"benchmarks":[]},{"ancestorTitles":["recalculateBilling","Cálculo de vencimiento"],"fullName":"recalculateBilling Cálculo de vencimiento debe calcular fecha de pago usando deliveryDate + condition.expiration","status":"passed","title":"debe calcular fecha de pago usando deliveryDate + condition.expiration","duration":0.2317000000000462,"failureMessages":[],"meta":{},"tags":[],"benchmarks":[]},{"ancestorTitles":["recalculateBilling","Cálculo de vencimiento"],"fullName":"recalculateBilling Cálculo de vencimiento debe mantener payDate en 0 cuando no hay condición de pago","status":"passed","title":"debe mantener payDate en 0 cuando no hay condición de pago","duration":0.22059999999999036,"failureMessages":[],"meta":{},"tags":[],"benchmarks":[]},{"ancestorTitles":["recalculateBilling","Cálculo de vencimiento"],"fullName":"recalculateBilling Cálculo de vencimiento debe mantener payDate en 0 cuando deliveryDate es 0","status":"passed","title":"debe mantener payDate en 0 cuando deliveryDate es 0","duration":0.26939999999990505,"failureMessages":[],"meta":{},"tags":[],"benchmarks":[]},{"ancestorTitles":["recalculateBilling","Cálculo de vencimiento"],"fullName":"recalculateBilling Cálculo de vencimiento debe calcular correctamente contado (0 días de vencimiento)","status":"passed","title":"debe calcular correctamente contado (0 días de vencimiento)","duration":0.1409999999999627,"failureMessages":[],"meta":{},"tags":[],"benchmarks":[]},{"ancestorTitles":["recalculateBilling","Estado de factura"],"fullName":"recalculateBilling Estado de factura debe marcar como Cobrado cuando rest <= 0 y total > 0","status":"passed","title":"debe marcar como Cobrado cuando rest <= 0 y total > 0","duration":0.19139999999993051,"failureMessages":[],"meta":{},"tags":[],"benchmarks":[]},{"ancestorTitles":["recalculateBilling","Estado de factura"],"fullName":"recalculateBilling Estado de factura debe marcar como Vencido cuando payDate es pasado y rest > 0","status":"passed","title":"debe marcar como Vencido cuando payDate es pasado y rest > 0","duration":0.28930000000002565,"failureMessages":[],"meta":{},"tags":[],"benchmarks":[]},{"ancestorTitles":["recalculateBilling","Estado de factura"],"fullName":"recalculateBilling Estado de factura debe marcar como Por vencer cuando quedan <= 1 día y rest > 0","status":"passed","title":"debe marcar como Por vencer cuando quedan <= 1 día y rest > 0","duration":0.23309999999992215,"failureMessages":[],"meta":{},"tags":[],"benchmarks":[]},{"ancestorTitles":["recalculateBilling","Estado de factura"],"fullName":"recalculateBilling Estado de factura debe marcar como Pendiente cuando faltan > 1 día y rest > 0","status":"passed","title":"debe marcar como Pendiente cuando faltan > 1 día y rest > 0","duration":0.14859999999998763,"failureMessages":[],"meta":{},"tags":[],"benchmarks":[]},{"ancestorTitles":["recalculateBilling","Estado de factura"],"fullName":"recalculateBilling Estado de factura debe mantener estados finales (Cerrada, Devuelta, Cancelado)","status":"passed","title":"debe mantener estados finales (Cerrada, Devuelta, Cancelado)","duration":0.15170000000000528,"failureMessages":[],"meta":{},"tags":[],"benchmarks":[]},{"ancestorTitles":["recalculateBilling","Estado de factura"],"fullName":"recalculateBilling Estado de factura debe marcar como Pendiente cuando hay pago parcial sin payDate","status":"passed","title":"debe marcar como Pendiente cuando hay pago parcial sin payDate","duration":0.10360000000002856,"failureMessages":[],"meta":{},"tags":[],"benchmarks":[]},{"ancestorTitles":["recalculateBilling","Estado de factura"],"fullName":"recalculateBilling Estado de factura debe marcar como Pendiente cuando no hay información de vencimiento","status":"passed","title":"debe marcar como Pendiente cuando no hay información de vencimiento","duration":0.10040000000003602,"failureMessages":[],"meta":{},"tags":[],"benchmarks":[]},{"ancestorTitles":["recalculateBilling","Casos complejos"],"fullName":"recalculateBilling Casos complejos escenario real: factura reciente, sin pago, 15 días","status":"passed","title":"escenario real: factura reciente, sin pago, 15 días","duration":0.16259999999999764,"failureMessages":[],"meta":{},"tags":[],"benchmarks":[]},{"ancestorTitles":["recalculateBilling","Casos complejos"],"fullName":"recalculateBilling Casos complejos escenario real: factura con pago parcial vencida","status":"passed","title":"escenario real: factura con pago parcial vencida","duration":0.18650000000002365,"failureMessages":[],"meta":{},"tags":[],"benchmarks":[]},{"ancestorTitles":["recalculateBilling","Casos complejos"],"fullName":"recalculateBilling Casos complejos escenario real: descuento por pronto pago aplicado","status":"passed","title":"escenario real: descuento por pronto pago aplicado","duration":0.18280000000004293,"failureMessages":[],"meta":{},"tags":[],"benchmarks":[]},{"ancestorTitles":["recalculateBilling","Casos límite"],"fullName":"recalculateBilling Casos límite debe manejar factura con total 0","status":"passed","title":"debe manejar factura con total 0","duration":0.864400000000046,"failureMessages":[],"meta":{},"tags":[],"benchmarks":[]},{"ancestorTitles":["recalculateBilling","Casos límite"],"fullName":"recalculateBilling Casos límite debe manejar timestamps muy cercanos a la medianoche","status":"passed","title":"debe manejar timestamps muy cercanos a la medianoche","duration":0.2801000000000613,"failureMessages":[],"meta":{},"tags":[],"benchmarks":[]}],"startTime":1788471712971,"endTime":1788471712978.28,"status":"passed","message":"","name":"C:/Users/git/Rust/mdc-desktop/src/__tests__/domain/logic/recalculate.test.ts"}]}